<?xml version="1.0" encoding="UTF-8"?>
<!-- Generated by org.testng.reporters.JUnitReportReporter -->
<testsuite name="com.netbankingGuru.testCases.TC_LoginTest_01" tests="1" time="67.436" ignored="0" failures="0" timestamp="21 Jul 2022 13:52:47 GMT" skipped="0" hostname="DESKTOP-R8LNRUV" errors="0">
  <testcase name="loginTest" time="67.436" classname="com.netbankingGuru.testCases.TC_LoginTest_01"/>
</testsuite> <!-- com.netbankingGuru.testCases.TC_LoginTest_01 -->
