<?xml version="1.0" encoding="UTF-8"?>
<!-- Generated by org.testng.reporters.JUnitReportReporter -->
<testsuite name="com.netbankingGuru.testCases.TC_LoginTest_DDT_02" tests="2" time="10.460" ignored="0" failures="0" timestamp="28 Jul 2022 07:55:02 GMT" skipped="0" hostname="DESKTOP-R8LNRUV" errors="0">
  <testcase name="login_ddt" time="6.510" classname="com.netbankingGuru.testCases.TC_LoginTest_DDT_02"/>
  <testcase name="login_ddt" time="3.950" classname="com.netbankingGuru.testCases.TC_LoginTest_DDT_02"/>
</testsuite> <!-- com.netbankingGuru.testCases.TC_LoginTest_DDT_02 -->
